<?xml version="1.0" encoding="UTF-8"?>
<!-- Generated by org.testng.reporters.JUnitReportReporter -->
<testsuite name="Extent_listener.omniture.track_omni" tests="1" time="22.521" ignored="0" failures="0" timestamp="09 Mar 2017 11:45:38 GMT" skipped="0" hostname="XAV-101000885" errors="0">
  <testcase name="tracking_test" time="22.521" classname="Extent_listener.omniture.track_omni"/>
</testsuite> <!-- Extent_listener.omniture.track_omni -->
